<?xml version="1.0" encoding="UTF-8"?>
<coverage generated="1781179401840" clover="3.2.0">
  <project timestamp="1781179401840" name="All files">
    <metrics statements="69" coveredstatements="57" conditionals="49" coveredconditionals="28" methods="10" coveredmethods="8" elements="128" coveredelements="93" complexity="0" loc="69" ncloc="69" packages="1" files="1" classes="1"/>
    <file name="historyUtils.ts" path="/Users/caioborges/Developer/pi1/2026.1_PI1_Grupo1_Lui/src/frontend/src/app/utils/historyUtils.ts">
      <metrics statements="69" coveredstatements="57" conditionals="49" coveredconditionals="28" methods="10" coveredmethods="8"/>
      <line num="31" count="1" type="stmt"/>
      <line num="32" count="5" type="stmt"/>
      <line num="33" count="5" type="stmt"/>
      <line num="34" count="32" type="stmt"/>
      <line num="35" count="32" type="stmt"/>
      <line num="36" count="320" type="stmt"/>
      <line num="38" count="32" type="stmt"/>
      <line num="41" count="5" type="stmt"/>
      <line num="42" count="32" type="stmt"/>
      <line num="43" count="32" type="stmt"/>
      <line num="45" count="5" type="stmt"/>
      <line num="46" count="32" type="stmt"/>
      <line num="47" count="32" type="stmt"/>
      <line num="49" count="5" type="stmt"/>
      <line num="52" count="1" type="stmt"/>
      <line num="53" count="4" type="stmt"/>
      <line num="54" count="4" type="stmt"/>
      <line num="55" count="4" type="cond" truecount="1" falsecount="1"/>
      <line num="56" count="4" type="cond" truecount="1" falsecount="1"/>
      <line num="57" count="4" type="stmt"/>
      <line num="58" count="0" type="cond" truecount="0" falsecount="2"/>
      <line num="59" count="0" type="cond" truecount="0" falsecount="2"/>
      <line num="63" count="4" type="stmt"/>
      <line num="64" count="4" type="stmt"/>
      <line num="66" count="4" type="stmt"/>
      <line num="67" count="10" type="cond" truecount="1" falsecount="1"/>
      <line num="68" count="10" type="cond" truecount="1" falsecount="1"/>
      <line num="69" count="4" type="stmt"/>
      <line num="72" count="1" type="stmt"/>
      <line num="73" count="1" type="stmt"/>
      <line num="74" count="1" type="cond" truecount="5" falsecount="1"/>
      <line num="76" count="1" type="stmt"/>
      <line num="77" count="1" type="stmt"/>
      <line num="80" count="1" type="stmt"/>
      <line num="81" count="1" type="stmt"/>
      <line num="82" count="1" type="stmt"/>
      <line num="86" count="1" type="stmt"/>
      <line num="87" count="1" type="stmt"/>
      <line num="88" count="1" type="cond" truecount="5" falsecount="1"/>
      <line num="89" count="1" type="stmt"/>
      <line num="93" count="1" type="stmt"/>
      <line num="99" count="2" type="stmt"/>
      <line num="100" count="2" type="cond" truecount="2" falsecount="0"/>
      <line num="101" count="4" type="stmt"/>
      <line num="102" count="4" type="cond" truecount="5" falsecount="1"/>
      <line num="103" count="4" type="stmt"/>
      <line num="105" count="4" type="stmt"/>
      <line num="106" count="0" type="stmt"/>
      <line num="109" count="2" type="stmt"/>
      <line num="113" count="1" type="stmt"/>
      <line num="115" count="3" type="cond" truecount="2" falsecount="0"/>
      <line num="117" count="2" type="stmt"/>
      <line num="118" count="2" type="cond" truecount="4" falsecount="0"/>
      <line num="119" count="1" type="stmt"/>
      <line num="123" count="1" type="stmt"/>
      <line num="124" count="0" type="cond" truecount="0" falsecount="2"/>
      <line num="125" count="0" type="stmt"/>
      <line num="126" count="0" type="cond" truecount="0" falsecount="2"/>
      <line num="129" count="1" type="stmt"/>
      <line num="130" count="0" type="cond" truecount="0" falsecount="5"/>
      <line num="131" count="0" type="stmt"/>
      <line num="132" count="0" type="stmt"/>
      <line num="133" count="0" type="stmt"/>
      <line num="134" count="0" type="stmt"/>
      <line num="135" count="0" type="stmt"/>
      <line num="140" count="1" type="stmt"/>
      <line num="141" count="1" type="stmt"/>
      <line num="142" count="1" type="cond" truecount="1" falsecount="1"/>
      <line num="143" count="1" type="stmt"/>
    </file>
  </project>
</coverage>
