{"/Users/caioborges/Developer/pi1/2026.1_PI1_Grupo1_Lui/src/frontend/src/app/utils/historyUtils.ts": {"path":"/Users/caioborges/Developer/pi1/2026.1_PI1_Grupo1_Lui/src/frontend/src/app/utils/historyUtils.ts","statementMap":{"0":{"start":{"line":31,"column":13},"end":{"line":50,"column":null}},"1":{"start":{"line":32,"column":27},"end":{"line":32,"column":null}},"2":{"start":{"line":33,"column":2},"end":{"line":39,"column":null}},"3":{"start":{"line":33,"column":15},"end":{"line":33,"column":18}},"4":{"start":{"line":34,"column":26},"end":{"line":34,"column":null}},"5":{"start":{"line":35,"column":4},"end":{"line":37,"column":null}},"6":{"start":{"line":35,"column":17},"end":{"line":35,"column":20}},"7":{"start":{"line":36,"column":6},"end":{"line":36,"column":null}},"8":{"start":{"line":38,"column":4},"end":{"line":38,"column":null}},"9":{"start":{"line":41,"column":2},"end":{"line":44,"column":null}},"10":{"start":{"line":41,"column":15},"end":{"line":41,"column":18}},"11":{"start":{"line":42,"column":4},"end":{"line":42,"column":null}},"12":{"start":{"line":43,"column":4},"end":{"line":43,"column":null}},"13":{"start":{"line":45,"column":2},"end":{"line":48,"column":null}},"14":{"start":{"line":45,"column":15},"end":{"line":45,"column":18}},"15":{"start":{"line":46,"column":4},"end":{"line":46,"column":null}},"16":{"start":{"line":47,"column":4},"end":{"line":47,"column":null}},"17":{"start":{"line":49,"column":2},"end":{"line":49,"column":null}},"18":{"start":{"line":52,"column":13},"end":{"line":70,"column":null}},"19":{"start":{"line":53,"column":13},"end":{"line":53,"column":16}},"20":{"start":{"line":53,"column":23},"end":{"line":53,"column":null}},"21":{"start":{"line":54,"column":2},"end":{"line":61,"column":null}},"22":{"start":{"line":55,"column":4},"end":{"line":55,"column":null}},"23":{"start":{"line":55,"column":20},"end":{"line":55,"column":null}},"24":{"start":{"line":56,"column":4},"end":{"line":56,"column":null}},"25":{"start":{"line":56,"column":20},"end":{"line":56,"column":null}},"26":{"start":{"line":57,"column":4},"end":{"line":60,"column":null}},"27":{"start":{"line":58,"column":6},"end":{"line":58,"column":null}},"28":{"start":{"line":58,"column":22},"end":{"line":58,"column":null}},"29":{"start":{"line":59,"column":6},"end":{"line":59,"column":null}},"30":{"start":{"line":59,"column":22},"end":{"line":59,"column":null}},"31":{"start":{"line":63,"column":15},"end":{"line":63,"column":null}},"32":{"start":{"line":64,"column":14},"end":{"line":64,"column":null}},"33":{"start":{"line":66,"column":23},"end":{"line":66,"column":null}},"34":{"start":{"line":67,"column":21},"end":{"line":67,"column":null}},"35":{"start":{"line":67,"column":44},"end":{"line":67,"column":53}},"36":{"start":{"line":68,"column":20},"end":{"line":68,"column":null}},"37":{"start":{"line":68,"column":43},"end":{"line":68,"column":51}},"38":{"start":{"line":69,"column":2},"end":{"line":69,"column":null}},"39":{"start":{"line":72,"column":13},"end":{"line":91,"column":null}},"40":{"start":{"line":73,"column":24},"end":{"line":73,"column":null}},"41":{"start":{"line":74,"column":2},"end":{"line":74,"column":null}},"42":{"start":{"line":74,"column":47},"end":{"line":74,"column":null}},"43":{"start":{"line":76,"column":19},"end":{"line":76,"column":null}},"44":{"start":{"line":77,"column":2},"end":{"line":77,"column":null}},"45":{"start":{"line":80,"column":37},"end":{"line":80,"column":null}},"46":{"start":{"line":81,"column":37},"end":{"line":81,"column":null}},"47":{"start":{"line":82,"column":70},"end":{"line":84,"column":null}},"48":{"start":{"line":86,"column":13},"end":{"line":86,"column":null}},"49":{"start":{"line":87,"column":13},"end":{"line":87,"column":null}},"50":{"start":{"line":88,"column":2},"end":{"line":90,"column":null}},"51":{"start":{"line":89,"column":4},"end":{"line":89,"column":null}},"52":{"start":{"line":93,"column":13},"end":{"line":110,"column":null}},"53":{"start":{"line":99,"column":15},"end":{"line":99,"column":null}},"54":{"start":{"line":100,"column":2},"end":{"line":108,"column":null}},"55":{"start":{"line":100,"column":15},"end":{"line":100,"column":18}},"56":{"start":{"line":101,"column":18},"end":{"line":101,"column":null}},"57":{"start":{"line":102,"column":4},"end":{"line":104,"column":null}},"58":{"start":{"line":103,"column":6},"end":{"line":103,"column":null}},"59":{"start":{"line":105,"column":4},"end":{"line":107,"column":null}},"60":{"start":{"line":106,"column":6},"end":{"line":106,"column":null}},"61":{"start":{"line":109,"column":2},"end":{"line":109,"column":null}},"62":{"start":{"line":113,"column":13},"end":{"line":120,"column":null}},"63":{"start":{"line":115,"column":2},"end":{"line":115,"column":null}},"64":{"start":{"line":115,"column":27},"end":{"line":115,"column":null}},"65":{"start":{"line":117,"column":14},"end":{"line":117,"column":null}},"66":{"start":{"line":118,"column":2},"end":{"line":118,"column":null}},"67":{"start":{"line":118,"column":53},"end":{"line":118,"column":null}},"68":{"start":{"line":119,"column":2},"end":{"line":119,"column":null}},"69":{"start":{"line":123,"column":13},"end":{"line":127,"column":null}},"70":{"start":{"line":124,"column":2},"end":{"line":124,"column":null}},"71":{"start":{"line":124,"column":27},"end":{"line":124,"column":null}},"72":{"start":{"line":125,"column":14},"end":{"line":125,"column":null}},"73":{"start":{"line":126,"column":2},"end":{"line":126,"column":null}},"74":{"start":{"line":129,"column":13},"end":{"line":137,"column":null}},"75":{"start":{"line":130,"column":2},"end":{"line":136,"column":null}},"76":{"start":{"line":131,"column":18},"end":{"line":131,"column":null}},"77":{"start":{"line":132,"column":18},"end":{"line":132,"column":null}},"78":{"start":{"line":133,"column":16},"end":{"line":133,"column":null}},"79":{"start":{"line":134,"column":18},"end":{"line":134,"column":null}},"80":{"start":{"line":135,"column":13},"end":{"line":135,"column":null}},"81":{"start":{"line":140,"column":13},"end":{"line":144,"column":null}},"82":{"start":{"line":141,"column":14},"end":{"line":141,"column":null}},"83":{"start":{"line":142,"column":2},"end":{"line":142,"column":null}},"84":{"start":{"line":142,"column":18},"end":{"line":142,"column":null}},"85":{"start":{"line":143,"column":2},"end":{"line":143,"column":null}}},"fnMap":{"0":{"name":"(anonymous_0)","decl":{"start":{"line":31,"column":13},"end":{"line":31,"column":31}},"loc":{"start":{"line":31,"column":73},"end":{"line":50,"column":null}},"line":31},"1":{"name":"(anonymous_1)","decl":{"start":{"line":52,"column":13},"end":{"line":52,"column":32}},"loc":{"start":{"line":52,"column":93},"end":{"line":70,"column":null}},"line":52},"2":{"name":"(anonymous_2)","decl":{"start":{"line":67,"column":34},"end":{"line":67,"column":39}},"loc":{"start":{"line":67,"column":44},"end":{"line":67,"column":53}},"line":67},"3":{"name":"(anonymous_3)","decl":{"start":{"line":68,"column":33},"end":{"line":68,"column":38}},"loc":{"start":{"line":68,"column":43},"end":{"line":68,"column":51}},"line":68},"4":{"name":"(anonymous_4)","decl":{"start":{"line":72,"column":13},"end":{"line":72,"column":30}},"loc":{"start":{"line":72,"column":99},"end":{"line":91,"column":null}},"line":72},"5":{"name":"(anonymous_5)","decl":{"start":{"line":93,"column":13},"end":{"line":93,"column":null}},"loc":{"start":{"line":98,"column":17},"end":{"line":110,"column":null}},"line":98},"6":{"name":"(anonymous_6)","decl":{"start":{"line":113,"column":13},"end":{"line":113,"column":30}},"loc":{"start":{"line":113,"column":67},"end":{"line":120,"column":null}},"line":113},"7":{"name":"(anonymous_7)","decl":{"start":{"line":123,"column":13},"end":{"line":123,"column":33}},"loc":{"start":{"line":123,"column":66},"end":{"line":127,"column":null}},"line":123},"8":{"name":"(anonymous_8)","decl":{"start":{"line":129,"column":13},"end":{"line":129,"column":27}},"loc":{"start":{"line":129,"column":58},"end":{"line":137,"column":null}},"line":129},"9":{"name":"(anonymous_9)","decl":{"start":{"line":140,"column":13},"end":{"line":140,"column":34}},"loc":{"start":{"line":140,"column":57},"end":{"line":144,"column":null}},"line":140}},"branchMap":{"0":{"loc":{"start":{"line":55,"column":4},"end":{"line":55,"column":null}},"type":"if","locations":[{"start":{"line":55,"column":4},"end":{"line":55,"column":null}},{"start":{},"end":{}}],"line":55},"1":{"loc":{"start":{"line":56,"column":4},"end":{"line":56,"column":null}},"type":"if","locations":[{"start":{"line":56,"column":4},"end":{"line":56,"column":null}},{"start":{},"end":{}}],"line":56},"2":{"loc":{"start":{"line":58,"column":6},"end":{"line":58,"column":null}},"type":"if","locations":[{"start":{"line":58,"column":6},"end":{"line":58,"column":null}},{"start":{},"end":{}}],"line":58},"3":{"loc":{"start":{"line":59,"column":6},"end":{"line":59,"column":null}},"type":"if","locations":[{"start":{"line":59,"column":6},"end":{"line":59,"column":null}},{"start":{},"end":{}}],"line":59},"4":{"loc":{"start":{"line":67,"column":21},"end":{"line":67,"column":null}},"type":"binary-expr","locations":[{"start":{"line":67,"column":21},"end":{"line":67,"column":58}},{"start":{"line":67,"column":58},"end":{"line":67,"column":null}}],"line":67},"5":{"loc":{"start":{"line":68,"column":20},"end":{"line":68,"column":null}},"type":"binary-expr","locations":[{"start":{"line":68,"column":20},"end":{"line":68,"column":56}},{"start":{"line":68,"column":56},"end":{"line":68,"column":null}}],"line":68},"6":{"loc":{"start":{"line":74,"column":2},"end":{"line":74,"column":null}},"type":"if","locations":[{"start":{"line":74,"column":2},"end":{"line":74,"column":null}},{"start":{},"end":{}}],"line":74},"7":{"loc":{"start":{"line":74,"column":6},"end":{"line":74,"column":47}},"type":"binary-expr","locations":[{"start":{"line":74,"column":6},"end":{"line":74,"column":15}},{"start":{"line":74,"column":15},"end":{"line":74,"column":28}},{"start":{"line":74,"column":28},"end":{"line":74,"column":37}},{"start":{"line":74,"column":37},"end":{"line":74,"column":47}}],"line":74},"8":{"loc":{"start":{"line":88,"column":2},"end":{"line":90,"column":null}},"type":"if","locations":[{"start":{"line":88,"column":2},"end":{"line":90,"column":null}},{"start":{},"end":{}}],"line":88},"9":{"loc":{"start":{"line":88,"column":6},"end":{"line":88,"column":51}},"type":"binary-expr","locations":[{"start":{"line":88,"column":6},"end":{"line":88,"column":17}},{"start":{"line":88,"column":17},"end":{"line":88,"column":30}},{"start":{"line":88,"column":30},"end":{"line":88,"column":41}},{"start":{"line":88,"column":41},"end":{"line":88,"column":51}}],"line":88},"10":{"loc":{"start":{"line":100,"column":18},"end":{"line":100,"column":49}},"type":"binary-expr","locations":[{"start":{"line":100,"column":18},"end":{"line":100,"column":30}},{"start":{"line":100,"column":30},"end":{"line":100,"column":49}}],"line":100},"11":{"loc":{"start":{"line":102,"column":4},"end":{"line":104,"column":null}},"type":"if","locations":[{"start":{"line":102,"column":4},"end":{"line":104,"column":null}},{"start":{},"end":{}}],"line":102},"12":{"loc":{"start":{"line":102,"column":8},"end":{"line":102,"column":73}},"type":"binary-expr","locations":[{"start":{"line":102,"column":8},"end":{"line":102,"column":24}},{"start":{"line":102,"column":24},"end":{"line":102,"column":42}},{"start":{"line":102,"column":42},"end":{"line":102,"column":58}},{"start":{"line":102,"column":58},"end":{"line":102,"column":73}}],"line":102},"13":{"loc":{"start":{"line":115,"column":2},"end":{"line":115,"column":null}},"type":"if","locations":[{"start":{"line":115,"column":2},"end":{"line":115,"column":null}},{"start":{},"end":{}}],"line":115},"14":{"loc":{"start":{"line":118,"column":2},"end":{"line":118,"column":null}},"type":"if","locations":[{"start":{"line":118,"column":2},"end":{"line":118,"column":null}},{"start":{},"end":{}}],"line":118},"15":{"loc":{"start":{"line":118,"column":6},"end":{"line":118,"column":53}},"type":"binary-expr","locations":[{"start":{"line":118,"column":6},"end":{"line":118,"column":23}},{"start":{"line":118,"column":23},"end":{"line":118,"column":53}}],"line":118},"16":{"loc":{"start":{"line":124,"column":2},"end":{"line":124,"column":null}},"type":"if","locations":[{"start":{"line":124,"column":2},"end":{"line":124,"column":null}},{"start":{},"end":{}}],"line":124},"17":{"loc":{"start":{"line":126,"column":9},"end":{"line":126,"column":null}},"type":"binary-expr","locations":[{"start":{"line":126,"column":9},"end":{"line":126,"column":27}},{"start":{"line":126,"column":27},"end":{"line":126,"column":null}}],"line":126},"18":{"loc":{"start":{"line":130,"column":2},"end":{"line":136,"column":null}},"type":"switch","locations":[{"start":{"line":131,"column":4},"end":{"line":131,"column":null}},{"start":{"line":132,"column":4},"end":{"line":132,"column":null}},{"start":{"line":133,"column":4},"end":{"line":133,"column":null}},{"start":{"line":134,"column":4},"end":{"line":134,"column":null}},{"start":{"line":135,"column":4},"end":{"line":135,"column":null}}],"line":130},"19":{"loc":{"start":{"line":142,"column":2},"end":{"line":142,"column":null}},"type":"if","locations":[{"start":{"line":142,"column":2},"end":{"line":142,"column":null}},{"start":{},"end":{}}],"line":142}},"s":{"0":1,"1":5,"2":5,"3":5,"4":32,"5":32,"6":32,"7":320,"8":32,"9":5,"10":5,"11":32,"12":32,"13":5,"14":5,"15":32,"16":32,"17":5,"18":1,"19":4,"20":4,"21":4,"22":4,"23":4,"24":4,"25":4,"26":4,"27":0,"28":0,"29":0,"30":0,"31":4,"32":4,"33":4,"34":4,"35":10,"36":4,"37":10,"38":4,"39":1,"40":1,"41":1,"42":0,"43":1,"44":1,"45":1,"46":1,"47":1,"48":1,"49":1,"50":1,"51":1,"52":1,"53":2,"54":2,"55":2,"56":4,"57":4,"58":4,"59":4,"60":0,"61":2,"62":1,"63":3,"64":1,"65":2,"66":2,"67":1,"68":1,"69":1,"70":0,"71":0,"72":0,"73":0,"74":1,"75":0,"76":0,"77":0,"78":0,"79":0,"80":0,"81":1,"82":1,"83":1,"84":0,"85":1},"f":{"0":5,"1":4,"2":10,"3":10,"4":1,"5":2,"6":3,"7":0,"8":0,"9":1},"b":{"0":[4,0],"1":[4,0],"2":[0,0],"3":[0,0],"4":[4,0],"5":[4,0],"6":[0,1],"7":[1,1,1,1],"8":[1,0],"9":[1,1,1,1],"10":[2,4],"11":[4,0],"12":[4,4,4,4],"13":[1,2],"14":[1,1],"15":[2,1],"16":[0,0],"17":[0,0],"18":[0,0,0,0,0],"19":[0,1]},"meta":{"lastBranch":20,"lastFunction":10,"lastStatement":86,"seen":{"s:31:13:50:Infinity":0,"f:31:13:31:31":0,"s:32:27:32:Infinity":1,"s:33:2:39:Infinity":2,"s:33:15:33:18":3,"s:34:26:34:Infinity":4,"s:35:4:37:Infinity":5,"s:35:17:35:20":6,"s:36:6:36:Infinity":7,"s:38:4:38:Infinity":8,"s:41:2:44:Infinity":9,"s:41:15:41:18":10,"s:42:4:42:Infinity":11,"s:43:4:43:Infinity":12,"s:45:2:48:Infinity":13,"s:45:15:45:18":14,"s:46:4:46:Infinity":15,"s:47:4:47:Infinity":16,"s:49:2:49:Infinity":17,"s:52:13:70:Infinity":18,"f:52:13:52:32":1,"s:53:13:53:16":19,"s:53:23:53:Infinity":20,"s:54:2:61:Infinity":21,"b:55:4:55:Infinity:undefined:undefined:undefined:undefined":0,"s:55:4:55:Infinity":22,"s:55:20:55:Infinity":23,"b:56:4:56:Infinity:undefined:undefined:undefined:undefined":1,"s:56:4:56:Infinity":24,"s:56:20:56:Infinity":25,"s:57:4:60:Infinity":26,"b:58:6:58:Infinity:undefined:undefined:undefined:undefined":2,"s:58:6:58:Infinity":27,"s:58:22:58:Infinity":28,"b:59:6:59:Infinity:undefined:undefined:undefined:undefined":3,"s:59:6:59:Infinity":29,"s:59:22:59:Infinity":30,"s:63:15:63:Infinity":31,"s:64:14:64:Infinity":32,"s:66:23:66:Infinity":33,"s:67:21:67:Infinity":34,"b:67:21:67:58:67:58:67:Infinity":4,"f:67:34:67:39":2,"s:67:44:67:53":35,"s:68:20:68:Infinity":36,"b:68:20:68:56:68:56:68:Infinity":5,"f:68:33:68:38":3,"s:68:43:68:51":37,"s:69:2:69:Infinity":38,"s:72:13:91:Infinity":39,"f:72:13:72:30":4,"s:73:24:73:Infinity":40,"b:74:2:74:Infinity:undefined:undefined:undefined:undefined":6,"s:74:2:74:Infinity":41,"b:74:6:74:15:74:15:74:28:74:28:74:37:74:37:74:47":7,"s:74:47:74:Infinity":42,"s:76:19:76:Infinity":43,"s:77:2:77:Infinity":44,"s:80:37:80:Infinity":45,"s:81:37:81:Infinity":46,"s:82:70:84:Infinity":47,"s:86:13:86:Infinity":48,"s:87:13:87:Infinity":49,"b:88:2:90:Infinity:undefined:undefined:undefined:undefined":8,"s:88:2:90:Infinity":50,"b:88:6:88:17:88:17:88:30:88:30:88:41:88:41:88:51":9,"s:89:4:89:Infinity":51,"s:93:13:110:Infinity":52,"f:93:13:93:Infinity":5,"s:99:15:99:Infinity":53,"s:100:2:108:Infinity":54,"s:100:15:100:18":55,"b:100:18:100:30:100:30:100:49":10,"s:101:18:101:Infinity":56,"b:102:4:104:Infinity:undefined:undefined:undefined:undefined":11,"s:102:4:104:Infinity":57,"b:102:8:102:24:102:24:102:42:102:42:102:58:102:58:102:73":12,"s:103:6:103:Infinity":58,"s:105:4:107:Infinity":59,"s:106:6:106:Infinity":60,"s:109:2:109:Infinity":61,"s:113:13:120:Infinity":62,"f:113:13:113:30":6,"b:115:2:115:Infinity:undefined:undefined:undefined:undefined":13,"s:115:2:115:Infinity":63,"s:115:27:115:Infinity":64,"s:117:14:117:Infinity":65,"b:118:2:118:Infinity:undefined:undefined:undefined:undefined":14,"s:118:2:118:Infinity":66,"b:118:6:118:23:118:23:118:53":15,"s:118:53:118:Infinity":67,"s:119:2:119:Infinity":68,"s:123:13:127:Infinity":69,"f:123:13:123:33":7,"b:124:2:124:Infinity:undefined:undefined:undefined:undefined":16,"s:124:2:124:Infinity":70,"s:124:27:124:Infinity":71,"s:125:14:125:Infinity":72,"s:126:2:126:Infinity":73,"b:126:9:126:27:126:27:126:Infinity":17,"s:129:13:137:Infinity":74,"f:129:13:129:27":8,"b:131:4:131:Infinity:132:4:132:Infinity:133:4:133:Infinity:134:4:134:Infinity:135:4:135:Infinity":18,"s:130:2:136:Infinity":75,"s:131:18:131:Infinity":76,"s:132:18:132:Infinity":77,"s:133:16:133:Infinity":78,"s:134:18:134:Infinity":79,"s:135:13:135:Infinity":80,"s:140:13:144:Infinity":81,"f:140:13:140:34":9,"s:141:14:141:Infinity":82,"b:142:2:142:Infinity:undefined:undefined:undefined:undefined":19,"s:142:2:142:Infinity":83,"s:142:18:142:Infinity":84,"s:143:2:143:Infinity":85},"fnNames":{}}}
}
